Using pre-set license
Built from '2020.3/staging' branch; Version is '2020.3.10f1 (297d780c91bc) revision 2719096'; Using compiler version '192528614'; Build Type 'Release'
OS: 'Windows 10 Education; OS build 18363.1734; Version 1909; 64bit' Language: 'sv' Physical Memory: 16230 MB
BatchMode: 1, IsHumanControllingUs: 0, StartBugReporterOnCrash: 0, Is64bit: 1, IsPro: 0

 COMMAND LINE ARGUMENTS:
C:\Program Files\Unity\Hub\Editor\2020.3.10f1\Editor\Unity.exe
-adb2
-batchMode
-noUpm
-name
AssetImportWorker0
-projectPath
C:/Users/lukas.feldt/Documents/GitHub/spacethingy2
-logFile
Logs/AssetImportWorker0.log
-srvPort
57932
Successfully changed project path to: C:/Users/lukas.feldt/Documents/GitHub/spacethingy2
C:/Users/lukas.feldt/Documents/GitHub/spacethingy2
Using Asset Import Pipeline V2.
Refreshing native plugins compatible for Editor in 31.60 ms, found 4 plugins.
Preloading 0 native plugins for Editor in 0.00 ms.
Initialize engine version: 2020.3.10f1 (297d780c91bc)
[Subsystems] Discovering subsystems at path C:/Program Files/Unity/Hub/Editor/2020.3.10f1/Editor/Data/Resources/UnitySubsystems
[Subsystems] Discovering subsystems at path C:/Users/lukas.feldt/Documents/GitHub/spacethingy2/Assets
GfxDevice: creating device client; threaded=0
Direct3D:
    Version:  Direct3D 11.0 [level 11.1]
    Renderer: NVIDIA GeForce MX250 (ID=0x1d13)
    Vendor:   
    VRAM:     1983 MB
    Driver:   26.21.14.3198
Initialize mono
Mono path[0] = 'C:/Program Files/Unity/Hub/Editor/2020.3.10f1/Editor/Data/Managed'
Mono path[1] = 'C:/Program Files/Unity/Hub/Editor/2020.3.10f1/Editor/Data/MonoBleedingEdge/lib/mono/unityjit'
Mono config path = 'C:/Program Files/Unity/Hub/Editor/2020.3.10f1/Editor/Data/MonoBleedingEdge/etc'
Using monoOptions --debugger-agent=transport=dt_socket,embedding=1,server=y,suspend=n,address=127.0.0.1:56956
Begin MonoManager ReloadAssembly
Registering precompiled unity dll's ...
Register platform support module: C:/Program Files/Unity/Hub/Editor/2020.3.10f1/Editor/Data/PlaybackEngines/MacStandaloneSupport/UnityEditor.OSXStandalone.Extensions.dll
Register platform support module: C:/Program Files/Unity/Hub/Editor/2020.3.10f1/Editor/Data/PlaybackEngines/WindowsStandaloneSupport/UnityEditor.WindowsStandalone.Extensions.dll
Register platform support module: C:/Program Files/Unity/Hub/Editor/2020.3.10f1/Editor/Data/PlaybackEngines/LinuxStandaloneSupport/UnityEditor.LinuxStandalone.Extensions.dll
Registered in 0.002393 seconds.
Native extension for LinuxStandalone target not found
Native extension for WindowsStandalone target not found
Native extension for OSXStandalone target not found
Refreshing native plugins compatible for Editor in 28.53 ms, found 4 plugins.
Preloading 0 native plugins for Editor in 0.00 ms.
Mono: successfully reloaded assembly
- Completed reload, in  1.042 seconds
Platform modules already initialized, skipping
Registering precompiled user dll's ...
Registered in 0.007468 seconds.
Begin MonoManager ReloadAssembly
Symbol file data-00000161A2A9DE20 doesn't match image C:\Users\lukas.feldt\Documents\GitHub\spacethingy2\Library\ScriptAssemblies\Assembly-CSharp-Editor-firstpass.dll
Symbol file LoadedFromMemory is not a mono symbol file
Native extension for LinuxStandalone target not found
Native extension for WindowsStandalone target not found
Native extension for OSXStandalone target not found
Refreshing native plugins compatible for Editor in 0.41 ms, found 4 plugins.
Preloading 0 native plugins for Editor in 0.00 ms.
Mono: successfully reloaded assembly
- Completed reload, in  1.000 seconds
Platform modules already initialized, skipping
========================================================================
Worker process is ready to serve import requests
Launched and connected shader compiler UnityShaderCompiler.exe after 0.04 seconds
Refreshing native plugins compatible for Editor in 0.38 ms, found 4 plugins.
Preloading 0 native plugins for Editor in 0.00 ms.
Unloading 1462 Unused Serialized files (Serialized files now loaded: 0)
System memory in use before: 138.8 MB.
System memory in use after: 138.8 MB.

Unloading 35 unused Assets to reduce memory usage. Loaded Objects now: 1925.
Total: 1.793500 ms (FindLiveObjects: 0.151100 ms CreateObjectMapping: 0.050100 ms MarkObjects: 1.531800 ms  DeleteObjects: 0.059700 ms)

========================================================================
Received Import Request.
  path: Assets/Scenes
  artifactKey: Guid(2ac4c2f84f45fd74686680167bee7d9a) Importer(815301076,1909f56bfc062723c751e8b465ee728b)
Start importing Assets/Scenes using Guid(2ac4c2f84f45fd74686680167bee7d9a) Importer(815301076,1909f56bfc062723c751e8b465ee728b)  -> (artifact id: '5e334c993a12be212e57f245fdd6d504') in 0.009399 seconds
  Import took 0.011524 seconds .

========================================================================
Received Import Request.
  Time since last request: 9.316451 seconds.
  path: Assets/Scenes/LucyTestScene.unity
  artifactKey: Guid(39fcc677c7814d345b8f99dc6769f584) Importer(815301076,1909f56bfc062723c751e8b465ee728b)
Start importing Assets/Scenes/LucyTestScene.unity using Guid(39fcc677c7814d345b8f99dc6769f584) Importer(815301076,1909f56bfc062723c751e8b465ee728b)  -> (artifact id: '6f19268ecc26cc6d89a5cfb7f171b84a') in 0.016596 seconds
  Import took 0.019983 seconds .

========================================================================
Received Import Request.
  Time since last request: 2.325220 seconds.
  path: Assets/Scenes/New Scene.unity
  artifactKey: Guid(9f56aabecd68f0643839a8529b24f73d) Importer(815301076,1909f56bfc062723c751e8b465ee728b)
Start importing Assets/Scenes/New Scene.unity using Guid(9f56aabecd68f0643839a8529b24f73d) Importer(815301076,1909f56bfc062723c751e8b465ee728b)  -> (artifact id: '0ba036c128be9748ff9b2c1dd3fea2d6') in 0.008224 seconds
  Import took 0.010476 seconds .

========================================================================
Received Import Request.
  Time since last request: 7.128667 seconds.
  path: Assets/Scripts/Movement.cs
  artifactKey: Guid(57216900c9358b047bf7f72c6082aa31) Importer(815301076,1909f56bfc062723c751e8b465ee728b)
Start importing Assets/Scripts/Movement.cs using Guid(57216900c9358b047bf7f72c6082aa31) Importer(815301076,1909f56bfc062723c751e8b465ee728b)  -> (artifact id: 'bb4cfe9c2c83d3db6b6ecd21978a20e0') in 0.021224 seconds
  Import took 0.023951 seconds .

========================================================================
Received Import Request.
  Time since last request: 0.020182 seconds.
  path: Assets/Scripts/Movement.cs
  artifactKey: Guid(57216900c9358b047bf7f72c6082aa31) Importer(815301076,1909f56bfc062723c751e8b465ee728b)
Start importing Assets/Scripts/Movement.cs using Guid(57216900c9358b047bf7f72c6082aa31) Importer(815301076,1909f56bfc062723c751e8b465ee728b)  -> (artifact id: 'bb4cfe9c2c83d3db6b6ecd21978a20e0') in 0.003716 seconds
  Import took 0.006528 seconds .

========================================================================
Received Import Request.
  Time since last request: 388.225875 seconds.
  path: Assets/Sprites/Untitled_Artwork 1.png
  artifactKey: Guid(16f9ab745ef65174d80081205fd43e32) Importer(815301076,1909f56bfc062723c751e8b465ee728b)
Start importing Assets/Sprites/Untitled_Artwork 1.png using Guid(16f9ab745ef65174d80081205fd43e32) Importer(815301076,1909f56bfc062723c751e8b465ee728b)  -> (artifact id: '6a2da9d6ba628de2d0abec93aa4ae804') in 0.053062 seconds
  Import took 0.056038 seconds .

========================================================================
Received Import Request.
  Time since last request: 0.004264 seconds.
  path: Assets/Sprites/Untitled_Artwork 1.png
  artifactKey: Guid(16f9ab745ef65174d80081205fd43e32) Importer(815301076,1909f56bfc062723c751e8b465ee728b)
Start importing Assets/Sprites/Untitled_Artwork 1.png using Guid(16f9ab745ef65174d80081205fd43e32) Importer(815301076,1909f56bfc062723c751e8b465ee728b)  -> (artifact id: '6a2da9d6ba628de2d0abec93aa4ae804') in 0.010834 seconds
  Import took 0.013898 seconds .

========================================================================
Received Import Request.
  Time since last request: 6.638453 seconds.
  path: Assets/Sprites
  artifactKey: Guid(397496b0c65d2b04aa79a9ada5e9064b) Importer(815301076,1909f56bfc062723c751e8b465ee728b)
Start importing Assets/Sprites using Guid(397496b0c65d2b04aa79a9ada5e9064b) Importer(815301076,1909f56bfc062723c751e8b465ee728b)  -> (artifact id: '070b6661ebfc655c4a63ca1d8883243e') in 0.007729 seconds
  Import took 0.010652 seconds .

========================================================================
Received Import Request.
  Time since last request: 153.762491 seconds.
  path: Assets/Sprites/Untitled_Artwork 1.png
  artifactKey: Guid(16f9ab745ef65174d80081205fd43e32) Importer(815301076,1909f56bfc062723c751e8b465ee728b)
Start importing Assets/Sprites/Untitled_Artwork 1.png using Guid(16f9ab745ef65174d80081205fd43e32) Importer(815301076,1909f56bfc062723c751e8b465ee728b)  -> (artifact id: '1de75dc76e7008035c388fdcf546ae09') in 0.089243 seconds
  Import took 0.093117 seconds .

========================================================================
Received Prepare
Registering precompiled user dll's ...
Registered in 0.007830 seconds.
Begin MonoManager ReloadAssembly
Symbol file data-00000161A2AA3960 doesn't match image C:\Users\lukas.feldt\Documents\GitHub\spacethingy2\Library\ScriptAssemblies\Assembly-CSharp-Editor-firstpass.dll
Symbol file LoadedFromMemory is not a mono symbol file
Native extension for LinuxStandalone target not found
Native extension for WindowsStandalone target not found
Native extension for OSXStandalone target not found
Refreshing native plugins compatible for Editor in 1.10 ms, found 4 plugins.
Preloading 0 native plugins for Editor in 0.00 ms.
Mono: successfully reloaded assembly
- Completed reload, in  1.704 seconds
Platform modules already initialized, skipping
Refreshing native plugins compatible for Editor in 0.50 ms, found 4 plugins.
Preloading 0 native plugins for Editor in 0.00 ms.
Unloading 1456 Unused Serialized files (Serialized files now loaded: 0)
System memory in use before: 141.7 MB.
System memory in use after: 141.8 MB.

Unloading 30 unused Assets to reduce memory usage. Loaded Objects now: 1934.
Total: 2.970500 ms (FindLiveObjects: 0.202700 ms CreateObjectMapping: 0.060000 ms MarkObjects: 2.682100 ms  DeleteObjects: 0.023900 ms)

========================================================================
Received Prepare
Registering precompiled user dll's ...
Registered in 0.008336 seconds.
Begin MonoManager ReloadAssembly
Symbol file data-0000015FC0F9D040 doesn't match image C:\Users\lukas.feldt\Documents\GitHub\spacethingy2\Library\ScriptAssemblies\Assembly-CSharp-Editor-firstpass.dll
Symbol file LoadedFromMemory is not a mono symbol file
Native extension for LinuxStandalone target not found
Native extension for WindowsStandalone target not found
Native extension for OSXStandalone target not found
Refreshing native plugins compatible for Editor in 0.77 ms, found 4 plugins.
Preloading 0 native plugins for Editor in 0.00 ms.
Mono: successfully reloaded assembly
- Completed reload, in  1.634 seconds
Platform modules already initialized, skipping
Refreshing native plugins compatible for Editor in 0.97 ms, found 4 plugins.
Preloading 0 native plugins for Editor in 0.00 ms.
Unloading 1456 Unused Serialized files (Serialized files now loaded: 0)
System memory in use before: 141.7 MB.
System memory in use after: 141.8 MB.

Unloading 30 unused Assets to reduce memory usage. Loaded Objects now: 1937.
Total: 2.564000 ms (FindLiveObjects: 0.189200 ms CreateObjectMapping: 0.088600 ms MarkObjects: 2.212200 ms  DeleteObjects: 0.072300 ms)

========================================================================
Received Prepare
Registering precompiled user dll's ...
Registered in 0.028641 seconds.
Begin MonoManager ReloadAssembly
Symbol file data-00000161E74E3B70 doesn't match image C:\Users\lukas.feldt\Documents\GitHub\spacethingy2\Library\ScriptAssemblies\Assembly-CSharp-Editor-firstpass.dll
Symbol file LoadedFromMemory is not a mono symbol file
Native extension for LinuxStandalone target not found
Native extension for WindowsStandalone target not found
Native extension for OSXStandalone target not found
Refreshing native plugins compatible for Editor in 1.50 ms, found 4 plugins.
Preloading 0 native plugins for Editor in 0.00 ms.
Mono: successfully reloaded assembly
- Completed reload, in  3.292 seconds
Platform modules already initialized, skipping
Refreshing native plugins compatible for Editor in 1.28 ms, found 4 plugins.
Preloading 0 native plugins for Editor in 0.00 ms.
Unloading 1456 Unused Serialized files (Serialized files now loaded: 0)
System memory in use before: 141.7 MB.
System memory in use after: 141.8 MB.

Unloading 30 unused Assets to reduce memory usage. Loaded Objects now: 1940.
Total: 4.622100 ms (FindLiveObjects: 0.432800 ms CreateObjectMapping: 0.153400 ms MarkObjects: 3.981300 ms  DeleteObjects: 0.052000 ms)

========================================================================
Received Prepare
Registering precompiled user dll's ...
Registered in 0.022518 seconds.
Begin MonoManager ReloadAssembly
Symbol file data-00000161E74E0940 doesn't match image C:\Users\lukas.feldt\Documents\GitHub\spacethingy2\Library\ScriptAssemblies\Assembly-CSharp-Editor-firstpass.dll
Symbol file LoadedFromMemory is not a mono symbol file
Native extension for LinuxStandalone target not found
Native extension for WindowsStandalone target not found
Native extension for OSXStandalone target not found
Refreshing native plugins compatible for Editor in 1.37 ms, found 4 plugins.
Preloading 0 native plugins for Editor in 0.00 ms.
Mono: successfully reloaded assembly
- Completed reload, in  2.854 seconds
Platform modules already initialized, skipping
Refreshing native plugins compatible for Editor in 1.03 ms, found 4 plugins.
Preloading 0 native plugins for Editor in 0.00 ms.
Unloading 1456 Unused Serialized files (Serialized files now loaded: 0)
System memory in use before: 141.7 MB.
System memory in use after: 141.9 MB.

Unloading 30 unused Assets to reduce memory usage. Loaded Objects now: 1943.
Total: 6.162700 ms (FindLiveObjects: 0.618100 ms CreateObjectMapping: 0.815300 ms MarkObjects: 4.676900 ms  DeleteObjects: 0.048500 ms)

========================================================================
Received Prepare
Registering precompiled user dll's ...
Registered in 0.018687 seconds.
Begin MonoManager ReloadAssembly
Symbol file data-00000161E74DD280 doesn't match image C:\Users\lukas.feldt\Documents\GitHub\spacethingy2\Library\ScriptAssemblies\Assembly-CSharp-Editor-firstpass.dll
Symbol file LoadedFromMemory is not a mono symbol file
Native extension for LinuxStandalone target not found
Native extension for WindowsStandalone target not found
Native extension for OSXStandalone target not found
Refreshing native plugins compatible for Editor in 1.28 ms, found 4 plugins.
Preloading 0 native plugins for Editor in 0.00 ms.
Mono: successfully reloaded assembly
- Completed reload, in  3.276 seconds
Platform modules already initialized, skipping
Refreshing native plugins compatible for Editor in 1.14 ms, found 4 plugins.
Preloading 0 native plugins for Editor in 0.00 ms.
Unloading 1456 Unused Serialized files (Serialized files now loaded: 0)
System memory in use before: 141.8 MB.
System memory in use after: 141.9 MB.

Unloading 30 unused Assets to reduce memory usage. Loaded Objects now: 1946.
Total: 4.723700 ms (FindLiveObjects: 0.456900 ms CreateObjectMapping: 0.118500 ms MarkObjects: 4.095100 ms  DeleteObjects: 0.050900 ms)

